<?xml version="1.0" encoding="UTF-8"?>
<testsuite xmlns:xsi="http://www.w3.org/2001/XMLSchema-instance" xsi:noNamespaceSchemaLocation="https://maven.apache.org/surefire/maven-surefire-plugin/xsd/surefire-test-report-3.0.xsd" version="3.0" name="TestSuite" time="18.809" tests="1" errors="0" skipped="0" failures="0">
  <properties>
    <property name="sun.desktop" value="windows"/>
    <property name="awt.toolkit" value="sun.awt.windows.WToolkit"/>
    <property name="file.encoding.pkg" value="sun.io"/>
    <property name="java.specification.version" value="1.8"/>
    <property name="webdriver.chrome.driver" value="C:\Users\Yogesh\.m2\repository\webdriver\chromedriver\win32\79.0.3945.36\chromedriver.exe"/>
    <property name="sun.cpu.isalist" value="pentium_pro+mmx pentium_pro pentium+mmx pentium i486 i386 i86"/>
    <property name="sun.jnu.encoding" value="Cp1252"/>
    <property name="java.class.path" value="C:\Users\Yogesh\git\CucumberFramwork\CucumberFramework\target\test-classes;C:\Users\Yogesh\git\CucumberFramwork\CucumberFramework\target\classes;C:\Users\Yogesh\.m2\repository\info\cukes\cucumber-java\1.2.5\cucumber-java-1.2.5.jar;C:\Users\Yogesh\.m2\repository\info\cukes\cucumber-core\1.2.5\cucumber-core-1.2.5.jar;C:\Users\Yogesh\.m2\repository\info\cukes\cucumber-html\0.2.3\cucumber-html-0.2.3.jar;C:\Users\Yogesh\.m2\repository\info\cukes\cucumber-jvm-deps\1.0.5\cucumber-jvm-deps-1.0.5.jar;C:\Users\Yogesh\.m2\repository\info\cukes\gherkin\2.12.2\gherkin-2.12.2.jar;C:\Users\Yogesh\.m2\repository\info\cukes\cucumber-testng\1.2.5\cucumber-testng-1.2.5.jar;C:\Users\Yogesh\.m2\repository\org\testng\testng\6.9.10\testng-6.9.10.jar;C:\Users\Yogesh\.m2\repository\com\beust\jcommander\1.48\jcommander-1.48.jar;C:\Users\Yogesh\.m2\repository\org\beanshell\bsh\2.0b4\bsh-2.0b4.jar;C:\Users\Yogesh\.m2\repository\io\github\bonigarcia\webdrivermanager\3.7.1\webdrivermanager-3.7.1.jar;C:\Users\Yogesh\.m2\repository\org\slf4j\slf4j-api\1.7.25\slf4j-api-1.7.25.jar;C:\Users\Yogesh\.m2\repository\commons-io\commons-io\2.6\commons-io-2.6.jar;C:\Users\Yogesh\.m2\repository\com\google\code\gson\gson\2.8.5\gson-2.8.5.jar;C:\Users\Yogesh\.m2\repository\org\apache\commons\commons-lang3\3.8.1\commons-lang3-3.8.1.jar;C:\Users\Yogesh\.m2\repository\org\apache\httpcomponents\httpclient\4.5.6\httpclient-4.5.6.jar;C:\Users\Yogesh\.m2\repository\org\apache\httpcomponents\httpcore\4.4.10\httpcore-4.4.10.jar;C:\Users\Yogesh\.m2\repository\commons-logging\commons-logging\1.2\commons-logging-1.2.jar;C:\Users\Yogesh\.m2\repository\commons-codec\commons-codec\1.10\commons-codec-1.10.jar;C:\Users\Yogesh\.m2\repository\org\rauschig\jarchivelib\1.0.0\jarchivelib-1.0.0.jar;C:\Users\Yogesh\.m2\repository\org\apache\commons\commons-compress\1.18\commons-compress-1.18.jar;C:\Users\Yogesh\.m2\repository\org\jsoup\jsoup\1.11.3\jsoup-1.11.3.jar;C:\Users\Yogesh\.m2\repository\org\seleniumhq\selenium\selenium-java\3.141.59\selenium-java-3.141.59.jar;C:\Users\Yogesh\.m2\repository\org\seleniumhq\selenium\selenium-api\3.141.59\selenium-api-3.141.59.jar;C:\Users\Yogesh\.m2\repository\org\seleniumhq\selenium\selenium-chrome-driver\3.141.59\selenium-chrome-driver-3.141.59.jar;C:\Users\Yogesh\.m2\repository\org\seleniumhq\selenium\selenium-edge-driver\3.141.59\selenium-edge-driver-3.141.59.jar;C:\Users\Yogesh\.m2\repository\org\seleniumhq\selenium\selenium-firefox-driver\3.141.59\selenium-firefox-driver-3.141.59.jar;C:\Users\Yogesh\.m2\repository\org\seleniumhq\selenium\selenium-ie-driver\3.141.59\selenium-ie-driver-3.141.59.jar;C:\Users\Yogesh\.m2\repository\org\seleniumhq\selenium\selenium-opera-driver\3.141.59\selenium-opera-driver-3.141.59.jar;C:\Users\Yogesh\.m2\repository\org\seleniumhq\selenium\selenium-remote-driver\3.141.59\selenium-remote-driver-3.141.59.jar;C:\Users\Yogesh\.m2\repository\org\seleniumhq\selenium\selenium-safari-driver\3.141.59\selenium-safari-driver-3.141.59.jar;C:\Users\Yogesh\.m2\repository\org\seleniumhq\selenium\selenium-support\3.141.59\selenium-support-3.141.59.jar;C:\Users\Yogesh\.m2\repository\net\bytebuddy\byte-buddy\1.8.15\byte-buddy-1.8.15.jar;C:\Users\Yogesh\.m2\repository\org\apache\commons\commons-exec\1.3\commons-exec-1.3.jar;C:\Users\Yogesh\.m2\repository\com\google\guava\guava\25.0-jre\guava-25.0-jre.jar;C:\Users\Yogesh\.m2\repository\com\google\code\findbugs\jsr305\1.3.9\jsr305-1.3.9.jar;C:\Users\Yogesh\.m2\repository\org\checkerframework\checker-compat-qual\2.0.0\checker-compat-qual-2.0.0.jar;C:\Users\Yogesh\.m2\repository\com\google\errorprone\error_prone_annotations\2.1.3\error_prone_annotations-2.1.3.jar;C:\Users\Yogesh\.m2\repository\com\google\j2objc\j2objc-annotations\1.1\j2objc-annotations-1.1.jar;C:\Users\Yogesh\.m2\repository\org\codehaus\mojo\animal-sniffer-annotations\1.14\animal-sniffer-annotations-1.14.jar;C:\Users\Yogesh\.m2\repository\com\squareup\okhttp3\okhttp\3.11.0\okhttp-3.11.0.jar;C:\Users\Yogesh\.m2\repository\com\squareup\okio\okio\1.14.0\okio-1.14.0.jar;C:\Users\Yogesh\.m2\repository\net\masterthought\cucumber-reporting\4.11.2\cucumber-reporting-4.11.2.jar;C:\Users\Yogesh\.m2\repository\com\fasterxml\jackson\core\jackson-databind\2.9.9.3\jackson-databind-2.9.9.3.jar;C:\Users\Yogesh\.m2\repository\com\fasterxml\jackson\core\jackson-annotations\2.9.0\jackson-annotations-2.9.0.jar;C:\Users\Yogesh\.m2\repository\com\fasterxml\jackson\core\jackson-core\2.9.9\jackson-core-2.9.9.jar;C:\Users\Yogesh\.m2\repository\org\apache\velocity\velocity\1.7\velocity-1.7.jar;C:\Users\Yogesh\.m2\repository\commons-lang\commons-lang\2.4\commons-lang-2.4.jar;C:\Users\Yogesh\.m2\repository\commons-collections\commons-collections\3.2.2\commons-collections-3.2.2.jar;C:\Users\Yogesh\.m2\repository\velocity-tools\velocity-tools\1.4\velocity-tools-1.4.jar;C:\Users\Yogesh\.m2\repository\joda-time\joda-time\2.10.2\joda-time-2.10.2.jar;C:\Users\Yogesh\.m2\repository\org\codehaus\plexus\plexus-utils\3.2.0\plexus-utils-3.2.0.jar;C:\Users\Yogesh\.m2\repository\com\googlecode\owasp-java-html-sanitizer\owasp-java-html-sanitizer\20190610.1\owasp-java-html-sanitizer-20190610.1.jar;C:\Users\Yogesh\.m2\repository\commons-configuration\commons-configuration\1.10\commons-configuration-1.10.jar;C:\Users\Yogesh\.m2\repository\log4j\log4j\1.2.17\log4j-1.2.17.jar;"/>
    <property name="java.vm.vendor" value="Oracle Corporation"/>
    <property name="sun.arch.data.model" value="32"/>
    <property name="user.variant" value=""/>
    <property name="java.vendor.url" value="http://java.oracle.com/"/>
    <property name="user.timezone" value="Asia/Calcutta"/>
    <property name="java.vm.specification.version" value="1.8"/>
    <property name="os.name" value="Windows 8.1"/>
    <property name="user.country" value="US"/>
    <property name="sun.java.launcher" value="SUN_STANDARD"/>
    <property name="sun.boot.library.path" value="C:\Program Files (x86)\Java\jdk1.8.0_45\jre\bin"/>
    <property name="sun.java.command" value="C:\Users\Yogesh\AppData\Local\Temp\surefire1570601214336291727\surefirebooter2947775959917714017.jar C:\Users\Yogesh\AppData\Local\Temp\surefire1570601214336291727 2020-01-23T23-54-29_452-jvmRun1 surefire7564440301542697906tmp surefire_01534723531986613855tmp"/>
    <property name="surefire.test.class.path" value="C:\Users\Yogesh\git\CucumberFramwork\CucumberFramework\target\test-classes;C:\Users\Yogesh\git\CucumberFramwork\CucumberFramework\target\classes;C:\Users\Yogesh\.m2\repository\info\cukes\cucumber-java\1.2.5\cucumber-java-1.2.5.jar;C:\Users\Yogesh\.m2\repository\info\cukes\cucumber-core\1.2.5\cucumber-core-1.2.5.jar;C:\Users\Yogesh\.m2\repository\info\cukes\cucumber-html\0.2.3\cucumber-html-0.2.3.jar;C:\Users\Yogesh\.m2\repository\info\cukes\cucumber-jvm-deps\1.0.5\cucumber-jvm-deps-1.0.5.jar;C:\Users\Yogesh\.m2\repository\info\cukes\gherkin\2.12.2\gherkin-2.12.2.jar;C:\Users\Yogesh\.m2\repository\info\cukes\cucumber-testng\1.2.5\cucumber-testng-1.2.5.jar;C:\Users\Yogesh\.m2\repository\org\testng\testng\6.9.10\testng-6.9.10.jar;C:\Users\Yogesh\.m2\repository\com\beust\jcommander\1.48\jcommander-1.48.jar;C:\Users\Yogesh\.m2\repository\org\beanshell\bsh\2.0b4\bsh-2.0b4.jar;C:\Users\Yogesh\.m2\repository\io\github\bonigarcia\webdrivermanager\3.7.1\webdrivermanager-3.7.1.jar;C:\Users\Yogesh\.m2\repository\org\slf4j\slf4j-api\1.7.25\slf4j-api-1.7.25.jar;C:\Users\Yogesh\.m2\repository\commons-io\commons-io\2.6\commons-io-2.6.jar;C:\Users\Yogesh\.m2\repository\com\google\code\gson\gson\2.8.5\gson-2.8.5.jar;C:\Users\Yogesh\.m2\repository\org\apache\commons\commons-lang3\3.8.1\commons-lang3-3.8.1.jar;C:\Users\Yogesh\.m2\repository\org\apache\httpcomponents\httpclient\4.5.6\httpclient-4.5.6.jar;C:\Users\Yogesh\.m2\repository\org\apache\httpcomponents\httpcore\4.4.10\httpcore-4.4.10.jar;C:\Users\Yogesh\.m2\repository\commons-logging\commons-logging\1.2\commons-logging-1.2.jar;C:\Users\Yogesh\.m2\repository\commons-codec\commons-codec\1.10\commons-codec-1.10.jar;C:\Users\Yogesh\.m2\repository\org\rauschig\jarchivelib\1.0.0\jarchivelib-1.0.0.jar;C:\Users\Yogesh\.m2\repository\org\apache\commons\commons-compress\1.18\commons-compress-1.18.jar;C:\Users\Yogesh\.m2\repository\org\jsoup\jsoup\1.11.3\jsoup-1.11.3.jar;C:\Users\Yogesh\.m2\repository\org\seleniumhq\selenium\selenium-java\3.141.59\selenium-java-3.141.59.jar;C:\Users\Yogesh\.m2\repository\org\seleniumhq\selenium\selenium-api\3.141.59\selenium-api-3.141.59.jar;C:\Users\Yogesh\.m2\repository\org\seleniumhq\selenium\selenium-chrome-driver\3.141.59\selenium-chrome-driver-3.141.59.jar;C:\Users\Yogesh\.m2\repository\org\seleniumhq\selenium\selenium-edge-driver\3.141.59\selenium-edge-driver-3.141.59.jar;C:\Users\Yogesh\.m2\repository\org\seleniumhq\selenium\selenium-firefox-driver\3.141.59\selenium-firefox-driver-3.141.59.jar;C:\Users\Yogesh\.m2\repository\org\seleniumhq\selenium\selenium-ie-driver\3.141.59\selenium-ie-driver-3.141.59.jar;C:\Users\Yogesh\.m2\repository\org\seleniumhq\selenium\selenium-opera-driver\3.141.59\selenium-opera-driver-3.141.59.jar;C:\Users\Yogesh\.m2\repository\org\seleniumhq\selenium\selenium-remote-driver\3.141.59\selenium-remote-driver-3.141.59.jar;C:\Users\Yogesh\.m2\repository\org\seleniumhq\selenium\selenium-safari-driver\3.141.59\selenium-safari-driver-3.141.59.jar;C:\Users\Yogesh\.m2\repository\org\seleniumhq\selenium\selenium-support\3.141.59\selenium-support-3.141.59.jar;C:\Users\Yogesh\.m2\repository\net\bytebuddy\byte-buddy\1.8.15\byte-buddy-1.8.15.jar;C:\Users\Yogesh\.m2\repository\org\apache\commons\commons-exec\1.3\commons-exec-1.3.jar;C:\Users\Yogesh\.m2\repository\com\google\guava\guava\25.0-jre\guava-25.0-jre.jar;C:\Users\Yogesh\.m2\repository\com\google\code\findbugs\jsr305\1.3.9\jsr305-1.3.9.jar;C:\Users\Yogesh\.m2\repository\org\checkerframework\checker-compat-qual\2.0.0\checker-compat-qual-2.0.0.jar;C:\Users\Yogesh\.m2\repository\com\google\errorprone\error_prone_annotations\2.1.3\error_prone_annotations-2.1.3.jar;C:\Users\Yogesh\.m2\repository\com\google\j2objc\j2objc-annotations\1.1\j2objc-annotations-1.1.jar;C:\Users\Yogesh\.m2\repository\org\codehaus\mojo\animal-sniffer-annotations\1.14\animal-sniffer-annotations-1.14.jar;C:\Users\Yogesh\.m2\repository\com\squareup\okhttp3\okhttp\3.11.0\okhttp-3.11.0.jar;C:\Users\Yogesh\.m2\repository\com\squareup\okio\okio\1.14.0\okio-1.14.0.jar;C:\Users\Yogesh\.m2\repository\net\masterthought\cucumber-reporting\4.11.2\cucumber-reporting-4.11.2.jar;C:\Users\Yogesh\.m2\repository\com\fasterxml\jackson\core\jackson-databind\2.9.9.3\jackson-databind-2.9.9.3.jar;C:\Users\Yogesh\.m2\repository\com\fasterxml\jackson\core\jackson-annotations\2.9.0\jackson-annotations-2.9.0.jar;C:\Users\Yogesh\.m2\repository\com\fasterxml\jackson\core\jackson-core\2.9.9\jackson-core-2.9.9.jar;C:\Users\Yogesh\.m2\repository\org\apache\velocity\velocity\1.7\velocity-1.7.jar;C:\Users\Yogesh\.m2\repository\commons-lang\commons-lang\2.4\commons-lang-2.4.jar;C:\Users\Yogesh\.m2\repository\commons-collections\commons-collections\3.2.2\commons-collections-3.2.2.jar;C:\Users\Yogesh\.m2\repository\velocity-tools\velocity-tools\1.4\velocity-tools-1.4.jar;C:\Users\Yogesh\.m2\repository\joda-time\joda-time\2.10.2\joda-time-2.10.2.jar;C:\Users\Yogesh\.m2\repository\org\codehaus\plexus\plexus-utils\3.2.0\plexus-utils-3.2.0.jar;C:\Users\Yogesh\.m2\repository\com\googlecode\owasp-java-html-sanitizer\owasp-java-html-sanitizer\20190610.1\owasp-java-html-sanitizer-20190610.1.jar;C:\Users\Yogesh\.m2\repository\commons-configuration\commons-configuration\1.10\commons-configuration-1.10.jar;C:\Users\Yogesh\.m2\repository\log4j\log4j\1.2.17\log4j-1.2.17.jar;"/>
    <property name="sun.cpu.endian" value="little"/>
    <property name="user.home" value="C:\Users\Yogesh"/>
    <property name="user.language" value="en"/>
    <property name="java.specification.vendor" value="Oracle Corporation"/>
    <property name="java.home" value="C:\Program Files (x86)\Java\jdk1.8.0_45\jre"/>
    <property name="basedir" value="C:\Users\Yogesh\git\CucumberFramwork\CucumberFramework"/>
    <property name="file.separator" value="\"/>
    <property name="line.separator" value="&#10;"/>
    <property name="java.vm.specification.vendor" value="Oracle Corporation"/>
    <property name="java.specification.name" value="Java Platform API Specification"/>
    <property name="java.awt.graphicsenv" value="sun.awt.Win32GraphicsEnvironment"/>
    <property name="surefire.real.class.path" value="C:\Users\Yogesh\AppData\Local\Temp\surefire1570601214336291727\surefirebooter2947775959917714017.jar"/>
    <property name="sun.boot.class.path" value="C:\Program Files (x86)\Java\jdk1.8.0_45\jre\lib\resources.jar;C:\Program Files (x86)\Java\jdk1.8.0_45\jre\lib\rt.jar;C:\Program Files (x86)\Java\jdk1.8.0_45\jre\lib\sunrsasign.jar;C:\Program Files (x86)\Java\jdk1.8.0_45\jre\lib\jsse.jar;C:\Program Files (x86)\Java\jdk1.8.0_45\jre\lib\jce.jar;C:\Program Files (x86)\Java\jdk1.8.0_45\jre\lib\charsets.jar;C:\Program Files (x86)\Java\jdk1.8.0_45\jre\lib\jfr.jar;C:\Program Files (x86)\Java\jdk1.8.0_45\jre\classes"/>
    <property name="user.script" value=""/>
    <property name="sun.management.compiler" value="HotSpot Client Compiler"/>
    <property name="java.runtime.version" value="1.8.0_45-b15"/>
    <property name="user.name" value="Yogesh"/>
    <property name="path.separator" value=";"/>
    <property name="os.version" value="6.3"/>
    <property name="java.endorsed.dirs" value="C:\Program Files (x86)\Java\jdk1.8.0_45\jre\lib\endorsed"/>
    <property name="java.runtime.name" value="Java(TM) SE Runtime Environment"/>
    <property name="file.encoding" value="Cp1252"/>
    <property name="java.vm.name" value="Java HotSpot(TM) Client VM"/>
    <property name="localRepository" value="C:\Users\Yogesh\.m2\repository"/>
    <property name="java.vendor.url.bug" value="http://bugreport.sun.com/bugreport/"/>
    <property name="java.io.tmpdir" value="C:\Users\Yogesh\AppData\Local\Temp\"/>
    <property name="java.version" value="1.8.0_45"/>
    <property name="user.dir" value="C:\Users\Yogesh\git\CucumberFramwork\CucumberFramework"/>
    <property name="os.arch" value="x86"/>
    <property name="java.vm.specification.name" value="Java Virtual Machine Specification"/>
    <property name="java.awt.printerjob" value="sun.awt.windows.WPrinterJob"/>
    <property name="sun.os.patch.level" value=""/>
    <property name="java.library.path" value="C:\Program Files (x86)\Java\jdk1.8.0_45\jre\bin;C:\WINDOWS\Sun\Java\bin;C:\WINDOWS\system32;C:\WINDOWS;C:/Program Files/Java/jre1.8.0_201/bin/server;C:/Program Files/Java/jre1.8.0_201/bin;C:/Program Files/Java/jre1.8.0_201/lib/amd64;C:\ProgramData\DockerDesktop\version-bin;C:\Program Files\Docker\Docker\Resources\bin;C:\Program Files (x86)\Common Files\Oracle\Java\javapath;C:\ProgramData\Oracle\Java\javapath;C:\WINDOWS\system32;C:\WINDOWS;C:\WINDOWS\System32\Wbem;C:\WINDOWS\System32\WindowsPowerShell\v1.0\;C:\Program Files\Git\cmd;C:\Program Files\nodejs\;C:\Program Files (x86)\Java\jdk1.8.0_45\bin;I:\apache-maven-3.6.0-bin\apache-maven-3.6.0\bin;C:\Users\Yogesh\.dnx\bin;C:\Program Files\Microsoft DNX\Dnvm\;C:\WINDOWS\System32\OpenSSH\;C:\Users\Yogesh\AppData\Local\Microsoft\WindowsApps;C:\Users\Yogesh\AppData\Roaming\npm;C:\adb;C:\Users\Yogesh\AppData\Local\Microsoft\WindowsApps;C:\Users\Yogesh\AppData\Roaming\npm;;I:\eclipse-jee-neon-3-win32-x86_64\eclipse;;."/>
    <property name="java.vm.info" value="mixed mode"/>
    <property name="java.vendor" value="Oracle Corporation"/>
    <property name="java.vm.version" value="25.45-b02"/>
    <property name="java.ext.dirs" value="C:\Program Files (x86)\Java\jdk1.8.0_45\jre\lib\ext;C:\WINDOWS\Sun\Java\lib\ext"/>
    <property name="sun.io.unicode.encoding" value="UnicodeLittle"/>
    <property name="java.class.version" value="52.0"/>
  </properties>
  <testcase name="feature" classname="CIVICA.CucumberFramework.testRunner.TestRunner" time="16.829"/>
</testsuite>