<?xml version="1.0" encoding="UTF-8"?>
<!-- Generated by org.testng.reporters.JUnitReportReporter -->
<testsuite hostname="DESKTOP-FK78S0K" name="CIVICA.CucumberFramework.testRunner.TestRunner" tests="1" failures="0" timestamp="23 Jan 2020 18:24:14 GMT" time="18.044" errors="0">
  <testcase name="feature" time="18.044" classname="CIVICA.CucumberFramework.testRunner.TestRunner"/>
</testsuite> <!-- CIVICA.CucumberFramework.testRunner.TestRunner -->
